[2023-04-27T12:00:08.900Z] INFO: GET /courses?page=0&per_page=10 304 1512
[2023-04-27T12:00:32.529Z] WARN: POST /auth/login 401 112
[2023-04-27T12:02:33.148Z] WARN: POST /auth/login 401 34
[2023-04-27T12:05:19.721Z] WARN: POST /auth/login 401 1610
[2023-04-27T12:12:46.760Z] WARN: GET / 404 2
[2023-04-27T12:13:28.857Z] WARN: POST /auth/login 401 123
[2023-04-27T12:15:13.560Z] INFO: POST /users 201 698
[2023-04-27T12:15:20.207Z] ERROR: POST /auth/login 500 41
[2023-04-27T12:15:39.647Z] ERROR: POST /auth/login 500 34
[2023-04-27T12:20:30.001Z] INFO: POST /users 201 111
[2023-04-27T12:21:09.735Z] ERROR: POST /auth/login 500 50
[2023-04-27T12:24:57.889Z] INFO: POST /users 201 96
[2023-04-27T12:32:27.549Z] ERROR: POST /auth/login 500 42
[2023-04-27T12:32:34.312Z] ERROR: POST /auth/login 500 32
[2023-04-27T12:32:39.306Z] ERROR: POST /auth/login 500 35
[2023-04-27T12:32:40.923Z] ERROR: POST /auth/login 500 33
[2023-04-27T12:32:43.103Z] ERROR: POST /auth/login 500 33
[2023-04-27T12:32:44.300Z] ERROR: POST /auth/login 500 34
[2023-04-27T12:34:49.469Z] INFO: POST /users 201 53
[2023-04-27T12:35:06.470Z] ERROR: POST /auth/login 500 30
[2023-04-27T12:43:49.264Z] INFO: POST /users 201 89
[2023-04-27T12:43:59.081Z] ERROR: POST /auth/login 500 63
[2023-04-27T12:44:46.432Z] WARN: POST /users 409 8
[2023-04-27T12:44:54.621Z] ERROR: POST /auth/login 500 35
[2023-04-27T12:45:05.371Z] WARN: POST /users 409 6
[2023-04-27T12:45:32.197Z] ERROR: POST /auth/login 500 34
[2023-04-27T12:45:45.287Z] WARN: POST /users 409 4
